Determining if the pthread_create exist failed with the following output:
Change Dir: /home/robond/catkin_ws/build/CMakeFiles/CMakeTmp

Run Build Command:"/usr/bin/make" "cmTC_1eddc/fast"
/usr/bin/make -f CMakeFiles/cmTC_1eddc.dir/build.make CMakeFiles/cmTC_1eddc.dir/build
make[1]: Entering directory '/home/robond/catkin_ws/build/CMakeFiles/CMakeTmp'
Building C object CMakeFiles/cmTC_1eddc.dir/CheckSymbolExists.c.o
/usr/bin/cc     -o CMakeFiles/cmTC_1eddc.dir/CheckSymbolExists.c.o   -c /home/robond/catkin_ws/build/CMakeFiles/CMakeTmp/CheckSymbolExists.c
Linking C executable cmTC_1eddc
/usr/bin/cmake -E cmake_link_script CMakeFiles/cmTC_1eddc.dir/link.txt --verbose=1
/usr/bin/cc       CMakeFiles/cmTC_1eddc.dir/CheckSymbolExists.c.o  -o cmTC_1eddc -rdynamic 
CMakeFiles/cmTC_1eddc.dir/CheckSymbolExists.c.o: In function `main':
CheckSymbolExists.c:(.text+0x16): undefined reference to `pthread_create'
collect2: error: ld returned 1 exit status
CMakeFiles/cmTC_1eddc.dir/build.make:97: recipe for target 'cmTC_1eddc' failed
make[1]: *** [cmTC_1eddc] Error 1
make[1]: Leaving directory '/home/robond/catkin_ws/build/CMakeFiles/CMakeTmp'
Makefile:126: recipe for target 'cmTC_1eddc/fast' failed
make: *** [cmTC_1eddc/fast] Error 2

File /home/robond/catkin_ws/build/CMakeFiles/CMakeTmp/CheckSymbolExists.c:
/* */
#include <pthread.h>

int main(int argc, char** argv)
{
  (void)argv;
#ifndef pthread_create
  return ((int*)(&pthread_create))[argc];
#else
  (void)argc;
  return 0;
#endif
}

Determining if the function pthread_create exists in the pthreads failed with the following output:
Change Dir: /home/robond/catkin_ws/build/CMakeFiles/CMakeTmp

Run Build Command:"/usr/bin/make" "cmTC_20351/fast"
/usr/bin/make -f CMakeFiles/cmTC_20351.dir/build.make CMakeFiles/cmTC_20351.dir/build
make[1]: Entering directory '/home/robond/catkin_ws/build/CMakeFiles/CMakeTmp'
Building C object CMakeFiles/cmTC_20351.dir/CheckFunctionExists.c.o
/usr/bin/cc    -DCHECK_FUNCTION_EXISTS=pthread_create   -o CMakeFiles/cmTC_20351.dir/CheckFunctionExists.c.o   -c /usr/share/cmake-3.5/Modules/CheckFunctionExists.c
Linking C executable cmTC_20351
/usr/bin/cmake -E cmake_link_script CMakeFiles/cmTC_20351.dir/link.txt --verbose=1
/usr/bin/cc   -DCHECK_FUNCTION_EXISTS=pthread_create    CMakeFiles/cmTC_20351.dir/CheckFunctionExists.c.o  -o cmTC_20351 -rdynamic -lpthreads 
/usr/bin/ld: cannot find -lpthreads
collect2: error: ld returned 1 exit status
CMakeFiles/cmTC_20351.dir/build.make:97: recipe for target 'cmTC_20351' failed
make[1]: *** [cmTC_20351] Error 1
make[1]: Leaving directory '/home/robond/catkin_ws/build/CMakeFiles/CMakeTmp'
Makefile:126: recipe for target 'cmTC_20351/fast' failed
make: *** [cmTC_20351/fast] Error 2


